app/build/intermediates/manifest_merge_blame_file/debug/manifest-merger-blame-debug-report.txt
1<?xml version="1.0" encoding="utf-8"?>
2<manifest xmlns:android="http://schemas.android.com/apk/res/android"
3    package="com.iflytek.edgeAI"
4    android:versionCode="1"
5    android:versionName="1.0.0" >
6
7    <uses-sdk
8        android:minSdkVersion="21"
8-->src\main\AndroidManifest.xml
9        android:targetSdkVersion="33" />
9-->src\main\AndroidManifest.xml
10
11    <uses-permission android:name="android.permission.READ_MEDIA_IMAGES" />
11-->src\main\AndroidManifest.xml:5:5-76
11-->src\main\AndroidManifest.xml:5:22-73
12    <uses-permission android:name="android.permission.FOREGROUND_SERVICE" />
12-->src\main\AndroidManifest.xml:7:5-77
12-->src\main\AndroidManifest.xml:7:22-74
13    <uses-permission android:name="android.permission.POST_NOTIFICATIONS" />
13-->src\main\AndroidManifest.xml:8:5-77
13-->src\main\AndroidManifest.xml:8:22-74
14    <uses-permission android:name="android.permission.READ_PHONE_STATE" /> <!-- 传统设备信息权限，仅适用于非 SDK 接口 -->
14-->src\main\AndroidManifest.xml:9:5-75
14-->src\main\AndroidManifest.xml:9:22-72
15    <uses-permission android:name="android.permission.VIBRATE" />
15-->src\main\AndroidManifest.xml:10:5-66
15-->src\main\AndroidManifest.xml:10:22-63
16    <uses-permission android:name="android.permission.WRITE_EXTERNAL_STORAGE" />
16-->src\main\AndroidManifest.xml:11:5-81
16-->src\main\AndroidManifest.xml:11:22-78
17    <uses-permission android:name="android.permission.READ_EXTERNAL_STORAGE" />
17-->src\main\AndroidManifest.xml:12:5-80
17-->src\main\AndroidManifest.xml:12:22-77
18    <uses-permission android:name="android.permission.INTERNET" />
18-->src\main\AndroidManifest.xml:13:5-67
18-->src\main\AndroidManifest.xml:13:22-64
19    <uses-permission android:name="android.permission.MANAGE_EXTERNAL_STORAGE" />
19-->src\main\AndroidManifest.xml:14:5-82
19-->src\main\AndroidManifest.xml:14:22-79
20    <uses-permission android:name="android.permission.RECORD_AUDIO" /> <!-- 悬浮窗权限 -->
20-->src\main\AndroidManifest.xml:15:5-71
20-->src\main\AndroidManifest.xml:15:22-68
21    <uses-permission android:name="android.permission.ACCESS_COARSE_LOCATION" />
21-->src\main\AndroidManifest.xml:16:5-81
21-->src\main\AndroidManifest.xml:16:22-78
22    <uses-permission android:name="android.permission.ACCESS_FINE_LOCATION" /> <!-- 权限 -->
22-->src\main\AndroidManifest.xml:17:5-79
22-->src\main\AndroidManifest.xml:17:22-76
23    <uses-permission android:name="android.permission.VIBRATE" />
23-->src\main\AndroidManifest.xml:10:5-66
23-->src\main\AndroidManifest.xml:10:22-63
24    <uses-permission android:name="android.permission.FLASHLIGHT" />
24-->src\main\AndroidManifest.xml:19:5-69
24-->src\main\AndroidManifest.xml:19:22-66
25    <uses-permission android:name="android.permission.CAMERA" />
25-->src\main\AndroidManifest.xml:20:5-65
25-->src\main\AndroidManifest.xml:20:22-62
26    <uses-permission android:name="android.permission.WAKE_LOCK" />
26-->src\main\AndroidManifest.xml:21:5-68
26-->src\main\AndroidManifest.xml:21:22-65
27    <uses-permission android:name="android.permission.DISABLE_KEYGUARD" />
27-->src\main\AndroidManifest.xml:22:5-75
27-->src\main\AndroidManifest.xml:22:22-72
28
29    <uses-feature
29-->src\main\AndroidManifest.xml:24:5-60
30        android:name="android.hardware.camera"
30-->src\main\AndroidManifest.xml:24:19-57
31        android:required="true" />
31-->[:leancloudchatkit] AndroidManifest.xml:20:9-32
32    <uses-feature android:name="android.hardware.camera.flash" />
32-->src\main\AndroidManifest.xml:25:5-66
32-->src\main\AndroidManifest.xml:25:19-63
33
34    <uses-permission android:name="android.permission.SYSTEM_ALERT_WINDOW" />
34-->src\main\AndroidManifest.xml:27:5-78
34-->src\main\AndroidManifest.xml:27:22-75
35    <uses-permission android:name="android.permission.OVERLAY_WINDOW" />
35-->src\main\AndroidManifest.xml:28:5-73
35-->src\main\AndroidManifest.xml:28:22-70
36    <uses-permission android:name="android.permission.SCHEDULE_EXACT_ALARM" />
36-->src\main\AndroidManifest.xml:29:5-79
36-->src\main\AndroidManifest.xml:29:22-76
37    <uses-permission android:name="android.permission.USE_EXACT_ALARM" />
37-->src\main\AndroidManifest.xml:30:5-74
37-->src\main\AndroidManifest.xml:30:22-71
38    <uses-permission android:name="android.permission.ACCESS_NETWORK_STATE" />
38-->[:leancloudchatkit] AndroidManifest.xml:11:5-79
38-->[:leancloudchatkit] AndroidManifest.xml:11:22-76
39    <uses-permission android:name="android.permission.ACCESS_WIFI_STATE" />
39-->[:leancloudchatkit] AndroidManifest.xml:12:5-76
39-->[:leancloudchatkit] AndroidManifest.xml:12:22-73
40    <uses-permission android:name="android.permission.RECEIVE_BOOT_COMPLETED" />
40-->[:leancloudchatkit] AndroidManifest.xml:15:5-81
40-->[:leancloudchatkit] AndroidManifest.xml:15:22-78
41
42    <application
42-->src\main\AndroidManifest.xml:32:5-160:19
43        android:allowBackup="true"
43-->src\main\AndroidManifest.xml:33:9-35
44        android:appComponentFactory="androidx.core.app.CoreComponentFactory"
44-->[androidx.core:core:1.5.0] AndroidManifest.xml:24:18-86
45        android:debuggable="true"
46        android:icon="@mipmap/ic_lxq"
46-->src\main\AndroidManifest.xml:34:9-38
47        android:label="@string/app_name"
47-->src\main\AndroidManifest.xml:35:9-41
48        android:requestLegacyExternalStorage="true"
48-->src\main\AndroidManifest.xml:36:9-52
49        android:roundIcon="@mipmap/ic_lxq"
49-->src\main\AndroidManifest.xml:37:9-43
50        android:supportsRtl="true"
50-->src\main\AndroidManifest.xml:38:9-35
51        android:testOnly="true"
52        android:theme="@style/AppTheme" >
52-->src\main\AndroidManifest.xml:39:9-40
53        <activity
53-->src\main\AndroidManifest.xml:40:9-42:40
54            android:name="com.example.sparkchaindemo.activity.PostDetailActivity"
54-->src\main\AndroidManifest.xml:41:13-56
55            android:exported="false" />
55-->src\main\AndroidManifest.xml:42:13-37
56        <activity
56-->src\main\AndroidManifest.xml:43:9-45:40
57            android:name="com.example.sparkchaindemo.activity.PublishPostActivity"
57-->src\main\AndroidManifest.xml:44:13-57
58            android:exported="false" />
58-->src\main\AndroidManifest.xml:45:13-37
59        <activity
59-->src\main\AndroidManifest.xml:46:9-51:43
60            android:name="com.example.sparkchaindemo.activity.ReminderDialogActivity"
60-->src\main\AndroidManifest.xml:47:13-60
61            android:parentActivityName="com.example.sparkchaindemo.activity.MainActivity"
61-->src\main\AndroidManifest.xml:48:13-64
62            android:showOnLockScreen="true"
62-->src\main\AndroidManifest.xml:49:13-44
63            android:theme="@style/SafetyDialog"
63-->src\main\AndroidManifest.xml:50:13-48
64            android:turnScreenOn="true" />
64-->src\main\AndroidManifest.xml:51:13-40
65        <activity
65-->src\main\AndroidManifest.xml:52:9-55:58
66            android:name="com.example.sparkchaindemo.activity.AddScheduleActivity"
66-->src\main\AndroidManifest.xml:53:13-57
67            android:exported="true"
67-->src\main\AndroidManifest.xml:54:13-36
68            android:parentActivityName="com.example.sparkchaindemo.MainActivity" />
68-->src\main\AndroidManifest.xml:55:13-55
69
70        <receiver android:name="com.example.sparkchaindemo.AlarmReceiver" />
70-->src\main\AndroidManifest.xml:57:9-51
70-->src\main\AndroidManifest.xml:57:19-48
71
72        <activity
72-->src\main\AndroidManifest.xml:59:9-61:40
73            android:name="com.example.sparkchaindemo.activity.ChatActivity"
73-->src\main\AndroidManifest.xml:60:13-50
74            android:exported="false" />
74-->src\main\AndroidManifest.xml:61:13-37
75        <activity
75-->src\main\AndroidManifest.xml:62:9-64:40
76            android:name="com.example.sparkchaindemo.activity.TermsOfServiceActivity"
76-->src\main\AndroidManifest.xml:63:13-60
77            android:exported="false" />
77-->src\main\AndroidManifest.xml:64:13-37
78        <activity
78-->src\main\AndroidManifest.xml:65:9-67:40
79            android:name="com.example.sparkchaindemo.activity.PrivacyPolicyActivity"
79-->src\main\AndroidManifest.xml:66:13-59
80            android:exported="false" />
80-->src\main\AndroidManifest.xml:67:13-37
81        <activity
81-->src\main\AndroidManifest.xml:68:9-70:40
82            android:name="com.example.sparkchaindemo.activity.SettingsActivity"
82-->src\main\AndroidManifest.xml:69:13-54
83            android:exported="false" />
83-->src\main\AndroidManifest.xml:70:13-37
84        <activity
84-->src\main\AndroidManifest.xml:71:9-73:40
85            android:name="com.example.sparkchaindemo.activity.AboutActivity"
85-->src\main\AndroidManifest.xml:72:13-51
86            android:exported="false" />
86-->src\main\AndroidManifest.xml:73:13-37
87        <activity
87-->src\main\AndroidManifest.xml:74:9-76:40
88            android:name="com.example.sparkchaindemo.activity.WenJuanActivity"
88-->src\main\AndroidManifest.xml:75:13-53
89            android:exported="false" />
89-->src\main\AndroidManifest.xml:76:13-37
90        <activity
90-->src\main\AndroidManifest.xml:77:9-79:40
91            android:name="com.example.sparkchaindemo.activity.KeFuActivity"
91-->src\main\AndroidManifest.xml:78:13-50
92            android:exported="false" />
92-->src\main\AndroidManifest.xml:79:13-37
93        <activity
93-->src\main\AndroidManifest.xml:80:9-89:20
94            android:name="com.example.sparkchaindemo.activity.SplashActivity"
94-->src\main\AndroidManifest.xml:81:13-52
95            android:exported="true"
95-->src\main\AndroidManifest.xml:82:13-36
96            android:theme="@style/SplashTheme" >
96-->src\main\AndroidManifest.xml:83:13-47
97            <intent-filter>
97-->src\main\AndroidManifest.xml:84:13-88:29
98                <action android:name="android.intent.action.MAIN" />
98-->src\main\AndroidManifest.xml:85:17-69
98-->src\main\AndroidManifest.xml:85:25-66
99
100                <category android:name="android.intent.category.LAUNCHER" />
100-->src\main\AndroidManifest.xml:87:17-77
100-->src\main\AndroidManifest.xml:87:27-74
101            </intent-filter>
102        </activity>
103        <activity
103-->src\main\AndroidManifest.xml:90:9-93:47
104            android:name="com.example.sparkchaindemo.activity.LoginActivity"
104-->src\main\AndroidManifest.xml:91:13-51
105            android:exported="true"
105-->src\main\AndroidManifest.xml:92:13-36
106            android:theme="@style/AppTheme" />
106-->src\main\AndroidManifest.xml:93:13-44
107        <activity
107-->src\main\AndroidManifest.xml:94:9-96:40
108            android:name="com.example.sparkchaindemo.activity.ClassActivity"
108-->src\main\AndroidManifest.xml:95:13-51
109            android:exported="false" />
109-->src\main\AndroidManifest.xml:96:13-37
110        <activity
110-->src\main\AndroidManifest.xml:97:9-99:40
111            android:name="com.example.sparkchaindemo.activity.EmergencyContactActivity"
111-->src\main\AndroidManifest.xml:98:13-62
112            android:exported="false" />
112-->src\main\AndroidManifest.xml:99:13-37
113        <activity
113-->src\main\AndroidManifest.xml:100:9-102:40
114            android:name="com.example.sparkchaindemo.activity.AddVoiceActivity"
114-->src\main\AndroidManifest.xml:101:13-54
115            android:exported="false" />
115-->src\main\AndroidManifest.xml:102:13-37
116        <activity
116-->src\main\AndroidManifest.xml:103:9-105:40
117            android:name="com.example.sparkchaindemo.activity.QhActivity"
117-->src\main\AndroidManifest.xml:104:13-48
118            android:exported="false" /> <!-- <activity -->
118-->src\main\AndroidManifest.xml:105:13-37
119        <!-- android:name=".activity.AddYytActivity" -->
120        <!-- android:exported="false" /> -->
121        <activity
121-->src\main\AndroidManifest.xml:108:9-110:40
122            android:name="com.example.sparkchaindemo.activity.YytActivity"
122-->src\main\AndroidManifest.xml:109:13-49
123            android:exported="false" />
123-->src\main\AndroidManifest.xml:110:13-37
124        <activity
124-->src\main\AndroidManifest.xml:111:9-113:40
125            android:name="com.example.sparkchaindemo.activity.ShouYuActivity"
125-->src\main\AndroidManifest.xml:112:13-52
126            android:exported="false" />
126-->src\main\AndroidManifest.xml:113:13-37
127        <activity
127-->src\main\AndroidManifest.xml:114:9-116:40
128            android:name="com.example.sparkchaindemo.activity.QtxActivity"
128-->src\main\AndroidManifest.xml:115:13-49
129            android:exported="false" />
129-->src\main\AndroidManifest.xml:116:13-37
130        <activity
130-->src\main\AndroidManifest.xml:117:9-119:40
131            android:name="com.example.sparkchaindemo.activity.YybActivity"
131-->src\main\AndroidManifest.xml:118:13-49
132            android:exported="false" />
132-->src\main\AndroidManifest.xml:119:13-37
133        <activity
133-->src\main\AndroidManifest.xml:120:9-122:40
134            android:name="com.example.sparkchaindemo.activity.BaoJingActivity"
134-->src\main\AndroidManifest.xml:121:13-53
135            android:exported="false" />
135-->src\main\AndroidManifest.xml:122:13-37
136        <activity
136-->src\main\AndroidManifest.xml:123:9-125:40
137            android:name="com.example.sparkchaindemo.activity.ZimuActivity"
137-->src\main\AndroidManifest.xml:124:13-50
138            android:exported="false" />
138-->src\main\AndroidManifest.xml:125:13-37
139        <activity
139-->src\main\AndroidManifest.xml:126:9-128:40
140            android:name="com.example.sparkchaindemo.activity.SttActivity"
140-->src\main\AndroidManifest.xml:127:13-49
141            android:exported="false" /> <!-- 添加ContentProvider信息 -->
141-->src\main\AndroidManifest.xml:128:13-37
142        <activity
142-->src\main\AndroidManifest.xml:129:9-132:48
143            android:name="com.example.sparkchaindemo.activity.AlertActivity"
143-->src\main\AndroidManifest.xml:130:13-51
144            android:exported="false" />
144-->src\main\AndroidManifest.xml:131:13-37
145        <activity
145-->src\main\AndroidManifest.xml:133:9-135:39
146            android:name="com.example.sparkchaindemo.activity.MainActivity"
146-->src\main\AndroidManifest.xml:134:13-50
147            android:exported="true" />
147-->src\main\AndroidManifest.xml:135:13-36
148
149        <provider
149-->src\main\AndroidManifest.xml:137:9-139:84
150            android:name="cn.bmob.v3.util.BmobContentProvider"
150-->src\main\AndroidManifest.xml:138:13-63
151            android:authorities="com.example.sparkchaindemo.BmobContentProvider" />
151-->src\main\AndroidManifest.xml:139:13-81
152
153        <service android:name="cn.leancloud.push.PushService" />
153-->src\main\AndroidManifest.xml:141:9-65
153-->src\main\AndroidManifest.xml:141:18-62
154        <service
154-->src\main\AndroidManifest.xml:142:9-145:40
155            android:name="com.example.sparkchaindemo.services.FloatingWindowService"
155-->src\main\AndroidManifest.xml:143:13-59
156            android:enabled="true"
156-->src\main\AndroidManifest.xml:144:13-35
157            android:exported="false" />
157-->src\main\AndroidManifest.xml:145:13-37
158        <service
158-->src\main\AndroidManifest.xml:146:9-149:40
159            android:name="com.example.sparkchaindemo.AlarmReceiver$ReminderService"
159-->src\main\AndroidManifest.xml:147:13-58
160            android:enabled="true"
160-->src\main\AndroidManifest.xml:148:13-35
161            android:exported="false" />
161-->src\main\AndroidManifest.xml:149:13-37
162
163        <receiver
163-->src\main\AndroidManifest.xml:151:9-159:20
164            android:name="cn.leancloud.push.LCBroadcastReceiver"
164-->src\main\AndroidManifest.xml:152:13-65
165            android:exported="true" >
165-->src\main\AndroidManifest.xml:153:13-36
166            <intent-filter>
166-->src\main\AndroidManifest.xml:154:13-158:29
167                <action android:name="android.intent.action.BOOT_COMPLETED" />
167-->src\main\AndroidManifest.xml:155:17-79
167-->src\main\AndroidManifest.xml:155:25-76
168                <action android:name="android.intent.action.USER_PRESENT" />
168-->src\main\AndroidManifest.xml:156:17-77
168-->src\main\AndroidManifest.xml:156:25-74
169                <action android:name="android.net.conn.CONNECTIVITY_CHANGE" />
169-->src\main\AndroidManifest.xml:157:17-79
169-->src\main\AndroidManifest.xml:157:25-76
170            </intent-filter>
171        </receiver>
172
173        <activity
173-->[:leancloudchatkit] AndroidManifest.xml:23:9-32:20
174            android:name="cn.leancloud.chatkit.activity.LCIMConversationActivity"
174-->[:leancloudchatkit] AndroidManifest.xml:24:13-82
175            android:exported="true"
175-->[:leancloudchatkit] AndroidManifest.xml:25:13-36
176            android:launchMode="singleTask" >
176-->[:leancloudchatkit] AndroidManifest.xml:26:13-44
177            <intent-filter>
177-->[:leancloudchatkit] AndroidManifest.xml:27:13-31:29
178                <action android:name="cn.leancloud.chatkit.conversation_item_click_action" />
178-->[:leancloudchatkit] AndroidManifest.xml:28:17-94
178-->[:leancloudchatkit] AndroidManifest.xml:28:25-91
179
180                <category android:name="android.intent.category.DEFAULT" />
180-->[:leancloudchatkit] AndroidManifest.xml:30:17-76
180-->[:leancloudchatkit] AndroidManifest.xml:30:27-73
181            </intent-filter>
182        </activity>
183        <activity android:name="cn.leancloud.chatkit.activity.LCIMImageActivity" />
183-->[:leancloudchatkit] AndroidManifest.xml:33:9-84
183-->[:leancloudchatkit] AndroidManifest.xml:33:19-81
184        <activity android:name="cn.leancloud.chatkit.activity.LCIMConversationSettingActivity" >
184-->[:leancloudchatkit] AndroidManifest.xml:34:9-35:20
184-->[:leancloudchatkit] AndroidManifest.xml:34:19-95
185        </activity> <!-- <receiver android:name="cn.leancloud.push.AVBroadcastReceiver" -->
186        <!-- android:exported="true"> -->
187        <!-- <intent-filter> -->
188        <!-- <action android:name="android.intent.action.BOOT_COMPLETED"/> -->
189        <!-- <action android:name="android.intent.action.USER_PRESENT"/> -->
190        <!-- <action android:name="android.net.conn.CONNECTIVITY_CHANGE"/> -->
191        <!-- </intent-filter> -->
192        <!-- </receiver> -->
193        <provider
193-->[:leancloudchatkit] AndroidManifest.xml:46:9-55:20
194            android:name="androidx.core.content.FileProvider"
194-->[:leancloudchatkit] AndroidManifest.xml:47:13-62
195            android:authorities="com.iflytek.edgeAI.provider"
195-->[:leancloudchatkit] AndroidManifest.xml:48:13-60
196            android:exported="false"
196-->[:leancloudchatkit] AndroidManifest.xml:49:13-37
197            android:grantUriPermissions="true" >
197-->[:leancloudchatkit] AndroidManifest.xml:50:13-47
198            <meta-data
198-->[:leancloudchatkit] AndroidManifest.xml:51:13-54:25
199                android:name="android.support.FILE_PROVIDER_PATHS"
199-->[:leancloudchatkit] AndroidManifest.xml:52:17-67
200                android:resource="@xml/file_paths" >
200-->[:leancloudchatkit] AndroidManifest.xml:53:17-51
201            </meta-data>
202        </provider>
203
204        <activity android:name="cn.leancloud.chatkit.activity.LCIMConversationDetailActivity" >
204-->[:leancloudchatkit] AndroidManifest.xml:57:9-58:20
204-->[:leancloudchatkit] AndroidManifest.xml:57:19-94
205        </activity>
206        <activity android:name="cn.leancloud.chatkit.activity.LCIMUserSelectActivity" >
206-->[:leancloudchatkit] AndroidManifest.xml:59:9-60:20
206-->[:leancloudchatkit] AndroidManifest.xml:59:19-86
207        </activity>
208        <activity
208-->[com.google.android.gms:play-services-auth:20.1.0] AndroidManifest.xml:23:9-27:75
209            android:name="com.google.android.gms.auth.api.signin.internal.SignInHubActivity"
209-->[com.google.android.gms:play-services-auth:20.1.0] AndroidManifest.xml:24:13-93
210            android:excludeFromRecents="true"
210-->[com.google.android.gms:play-services-auth:20.1.0] AndroidManifest.xml:25:13-46
211            android:exported="false"
211-->[com.google.android.gms:play-services-auth:20.1.0] AndroidManifest.xml:26:13-37
212            android:theme="@android:style/Theme.Translucent.NoTitleBar" />
212-->[com.google.android.gms:play-services-auth:20.1.0] AndroidManifest.xml:27:13-72
213        <!--
214            Service handling Google Sign-In user revocation. For apps that do not integrate with
215            Google Sign-In, this service will never be started.
216        -->
217        <service
217-->[com.google.android.gms:play-services-auth:20.1.0] AndroidManifest.xml:33:9-37:51
218            android:name="com.google.android.gms.auth.api.signin.RevocationBoundService"
218-->[com.google.android.gms:play-services-auth:20.1.0] AndroidManifest.xml:34:13-89
219            android:exported="true"
219-->[com.google.android.gms:play-services-auth:20.1.0] AndroidManifest.xml:35:13-36
220            android:permission="com.google.android.gms.auth.api.signin.permission.REVOCATION_NOTIFICATION"
220-->[com.google.android.gms:play-services-auth:20.1.0] AndroidManifest.xml:36:13-107
221            android:visibleToInstantApps="true" />
221-->[com.google.android.gms:play-services-auth:20.1.0] AndroidManifest.xml:37:13-48
222
223        <activity
223-->[com.google.android.gms:play-services-base:18.1.0] AndroidManifest.xml:20:9-22:45
224            android:name="com.google.android.gms.common.api.GoogleApiActivity"
224-->[com.google.android.gms:play-services-base:18.1.0] AndroidManifest.xml:20:19-85
225            android:exported="false"
225-->[com.google.android.gms:play-services-base:18.1.0] AndroidManifest.xml:22:19-43
226            android:theme="@android:style/Theme.Translucent.NoTitleBar" />
226-->[com.google.android.gms:play-services-base:18.1.0] AndroidManifest.xml:21:19-78
227
228        <meta-data
228-->[com.google.android.gms:play-services-basement:18.1.0] AndroidManifest.xml:21:9-23:69
229            android:name="com.google.android.gms.version"
229-->[com.google.android.gms:play-services-basement:18.1.0] AndroidManifest.xml:22:13-58
230            android:value="@integer/google_play_services_version" />
230-->[com.google.android.gms:play-services-basement:18.1.0] AndroidManifest.xml:23:13-66
231    </application>
232
233</manifest>